<?xml version="1.0" encoding="UTF-8"?>
<testng-results ignored="0" total="2" passed="2" failed="0" skipped="0">
  <reporter-output>
  </reporter-output>
  <suite started-at="2022-02-20T22:08:00 IST" name="Default suite" finished-at="2022-02-20T22:08:00 IST" duration-ms="146">
    <groups>
    </groups>
    <test started-at="2022-02-20T22:08:00 IST" name="Default test" finished-at="2022-02-20T22:08:00 IST" duration-ms="146">
      <class name="TestNG.TestNG">
        <test-method is-config="true" signature="method1()[pri:0, instance:TestNG.TestNG@6580cfdd]" started-at="2022-02-20T22:08:00 IST" name="method1" finished-at="2022-02-20T22:08:00 IST" duration-ms="18" status="PASS">
          <reporter-output>
          </reporter-output>
        </test-method> <!-- method1 -->
        <test-method is-config="true" signature="method2()[pri:0, instance:TestNG.TestNG@6580cfdd]" started-at="2022-02-20T22:08:00 IST" name="method2" finished-at="2022-02-20T22:08:00 IST" duration-ms="0" status="PASS">
          <reporter-output>
          </reporter-output>
        </test-method> <!-- method2 -->
        <test-method signature="ABC()[pri:0, instance:TestNG.TestNG@6580cfdd]" started-at="2022-02-20T22:08:00 IST" name="ABC" finished-at="2022-02-20T22:08:00 IST" duration-ms="19" status="PASS">
          <reporter-output>
          </reporter-output>
        </test-method> <!-- ABC -->
        <test-method is-config="true" signature="method4()[pri:0, instance:TestNG.TestNG@6580cfdd]" started-at="2022-02-20T22:08:00 IST" name="method4" finished-at="2022-02-20T22:08:00 IST" duration-ms="2" status="PASS">
          <reporter-output>
          </reporter-output>
        </test-method> <!-- method4 -->
        <test-method is-config="true" signature="method2()[pri:0, instance:TestNG.TestNG@6580cfdd]" started-at="2022-02-20T22:08:00 IST" name="method2" finished-at="2022-02-20T22:08:00 IST" duration-ms="1" status="PASS">
          <reporter-output>
          </reporter-output>
        </test-method> <!-- method2 -->
        <test-method signature="PQR()[pri:0, instance:TestNG.TestNG@6580cfdd]" started-at="2022-02-20T22:08:00 IST" name="PQR" finished-at="2022-02-20T22:08:00 IST" duration-ms="2" status="PASS">
          <reporter-output>
          </reporter-output>
        </test-method> <!-- PQR -->
        <test-method is-config="true" signature="method4()[pri:0, instance:TestNG.TestNG@6580cfdd]" started-at="2022-02-20T22:08:00 IST" name="method4" finished-at="2022-02-20T22:08:00 IST" duration-ms="4" status="PASS">
          <reporter-output>
          </reporter-output>
        </test-method> <!-- method4 -->
        <test-method is-config="true" signature="method5()[pri:0, instance:TestNG.TestNG@6580cfdd]" started-at="2022-02-20T22:08:00 IST" name="method5" finished-at="2022-02-20T22:08:00 IST" duration-ms="2" status="PASS">
          <reporter-output>
          </reporter-output>
        </test-method> <!-- method5 -->
      </class> <!-- TestNG.TestNG -->
    </test> <!-- Default test -->
  </suite> <!-- Default suite -->
</testng-results>
